<?xml version="1.0" encoding="UTF-8"?>
<!-- Generated by org.testng.reporters.JUnitReportReporter -->
<testsuite hostname="Elixir_lap_41" failures="0" tests="1" name="testingWorldPractice.TC002_Login_Functionality" time="5.672" errors="0" timestamp="2022-11-21T16:04:43 IST" skipped="0">
  <testcase classname="testingWorldPractice.TC002_Login_Functionality" name="tc002" time="5.672"/>
  <system-out/>
</testsuite> <!-- testingWorldPractice.TC002_Login_Functionality -->
