<?xml version="1.0" encoding="UTF-8"?>
<!-- Generated by org.testng.reporters.JUnitReportReporter -->
<testsuite hostname="Elixir_lap_41" failures="0" tests="1" name="testingWorldPractice.TC005_Registration_DropDown_liST" time="4.277" errors="0" timestamp="2022-11-21T10:38:48 IST" skipped="0">
  <testcase classname="testingWorldPractice.TC005_Registration_DropDown_liST" name="tc001" time="4.277"/>
  <system-out/>
</testsuite> <!-- testingWorldPractice.TC005_Registration_DropDown_liST -->
