<?xml version="1.0" encoding="UTF-8"?>
<!-- Generated by org.testng.reporters.JUnitReportReporter -->
<testsuite hostname="Elixir_lap_41" failures="0" tests="1" name="pom_testCases.TC_001" time="3.326" errors="0" timestamp="2022-11-21T10:38:48 IST" skipped="0">
  <testcase classname="pom_testCases.TC_001" name="tc001" time="3.326"/>
  <system-out/>
</testsuite> <!-- pom_testCases.TC_001 -->
